Dec 30 01:16:28 raspberrypi systemd[1]: Created slice system-kmsconvt.slice - Slice /system/kmsconvt.
Dec 30 01:16:32 raspberrypi systemd[1]: Started kmsconvt@tty1.service - KMS System Console on tty1.
Dec 30 01:16:38 raspberrypi kernel: nc4_ili9488 spi0.1: [drm:drm_open_helper [drm]] comm="kmscon", pid=661, minor=0
Dec 30 01:16:38 raspberrypi kernel: nc4_ili9488 spi0.1: [drm:drm_ioctl [drm]] comm="kmscon" pid=661, dev=0xe200, auth=1, DRM_IOCTL_VERSION
Dec 30 01:16:38 raspberrypi kernel: nc4_ili9488 spi0.1: [drm:drm_ioctl [drm]] comm="kmscon" pid=661, dev=0xe200, auth=1, DRM_IOCTL_VERSION
Dec 30 01:16:38 raspberrypi kernel: nc4_ili9488 spi0.1: [drm:drm_file_free [drm]] comm="kmscon", pid=661, dev=0xe200, open_count=1
Dec 30 01:16:38 raspberrypi kmscon[661]: [0000.000000] NOTICE: kmscon Revision v9.0.0 Jan 29 2023 19:19:17 (log_print_init() in ../src/shl_log.c:509)
Dec 30 01:16:38 raspberrypi kernel: nc4_ili9488 spi0.1: [drm:drm_open_helper [drm]] comm="kmscon", pid=661, minor=0
Dec 30 01:16:38 raspberrypi kernel: nc4_ili9488 spi0.1: [drm:drm_ioctl [drm]] comm="kmscon" pid=661, dev=0xe200, auth=1, DRM_IOCTL_VERSION
Dec 30 01:16:38 raspberrypi kernel: nc4_ili9488 spi0.1: [drm:drm_ioctl [drm]] comm="kmscon" pid=661, dev=0xe200, auth=1, DRM_IOCTL_VERSION
Dec 30 01:16:38 raspberrypi kernel: nc4_ili9488 spi0.1: [drm:drm_file_free [drm]] comm="kmscon", pid=661, dev=0xe200, open_count=1
Dec 30 01:16:38 raspberrypi kmscon[661]: [0000.353835] NOTICE: vt: using tty /dev/tty1 (open_tty() in ../src/uterm_vt.c:285)
Dec 30 01:16:39 raspberrypi kernel: nc4_ili9488 spi0.0: [drm:drm_open_helper [drm]] comm="kmscon", pid=661, minor=1
Dec 30 01:16:39 raspberrypi kernel: nc4_ili9488 spi0.0: [drm:drm_ioctl [drm]] comm="kmscon" pid=661, dev=0xe201, auth=1, DRM_IOCTL_VERSION
Dec 30 01:16:39 raspberrypi kernel: nc4_ili9488 spi0.0: [drm:drm_ioctl [drm]] comm="kmscon" pid=661, dev=0xe201, auth=1, DRM_IOCTL_VERSION
Dec 30 01:16:39 raspberrypi kernel: nc4_ili9488 spi0.0: [drm:drm_file_free [drm]] comm="kmscon", pid=661, dev=0xe201, open_count=1
Dec 30 01:16:40 raspberrypi kernel: nc4_ili9488 spi0.0: [drm:drm_open_helper [drm]] comm="kmscon", pid=661, minor=1
Dec 30 01:16:40 raspberrypi kernel: nc4_ili9488 spi0.0: [drm:drm_ioctl [drm]] comm="kmscon" pid=661, dev=0xe201, auth=1, DRM_IOCTL_DROP_MASTER
Dec 30 01:16:40 raspberrypi kernel: nc4_ili9488 spi0.0: [drm:drm_ioctl [drm]] comm="kmscon" pid=661, dev=0xe201, auth=1, DRM_IOCTL_GET_CAP
Dec 30 01:16:40 raspberrypi kernel: nc4_ili9488 spi0.1: [drm:drm_open_helper [drm]] comm="kmscon", pid=661, minor=0
Dec 30 01:16:40 raspberrypi kernel: nc4_ili9488 spi0.1: [drm:drm_ioctl [drm]] comm="kmscon" pid=661, dev=0xe200, auth=1, DRM_IOCTL_VERSION
Dec 30 01:16:40 raspberrypi kernel: nc4_ili9488 spi0.1: [drm:drm_ioctl [drm]] comm="kmscon" pid=661, dev=0xe200, auth=1, DRM_IOCTL_VERSION
Dec 30 01:16:40 raspberrypi kernel: nc4_ili9488 spi0.1: [drm:drm_file_free [drm]] comm="kmscon", pid=661, dev=0xe200, open_count=1
Dec 30 01:16:40 raspberrypi kernel: nc4_ili9488 spi0.1: [drm:drm_open_helper [drm]] comm="kmscon", pid=661, minor=0
Dec 30 01:16:40 raspberrypi kernel: nc4_ili9488 spi0.1: [drm:drm_ioctl [drm]] comm="kmscon" pid=661, dev=0xe200, auth=1, DRM_IOCTL_DROP_MASTER
Dec 30 01:16:40 raspberrypi kernel: nc4_ili9488 spi0.1: [drm:drm_ioctl [drm]] comm="kmscon" pid=661, dev=0xe200, auth=1, DRM_IOCTL_GET_CAP
Dec 30 01:16:40 raspberrypi kernel: nc4_ili9488 spi0.1: [drm:drm_ioctl [drm]] comm="kmscon" pid=661, dev=0xe200, auth=1, DRM_IOCTL_SET_MASTER
Dec 30 01:16:40 raspberrypi kernel: nc4_ili9488 spi0.1: [drm:drm_ioctl [drm]] comm="kmscon" pid=661, dev=0xe200, auth=1, DRM_IOCTL_MODE_GETRESOURCES
Dec 30 01:16:40 raspberrypi kernel: nc4_ili9488 spi0.1: [drm:drm_ioctl [drm]] comm="kmscon" pid=661, dev=0xe200, auth=1, DRM_IOCTL_MODE_GETRESOURCES
Dec 30 01:16:40 raspberrypi kernel: nc4_ili9488 spi0.1: [drm:drm_ioctl [drm]] comm="kmscon" pid=661, dev=0xe200, auth=1, DRM_IOCTL_MODE_GETCONNECTOR
Dec 30 01:16:40 raspberrypi kernel: nc4_ili9488 spi0.1: [drm:drm_ioctl [drm]] comm="kmscon" pid=661, dev=0xe200, auth=1, DRM_IOCTL_MODE_GETCONNECTOR
Dec 30 01:16:40 raspberrypi kernel: nc4_ili9488 spi0.1: [drm:drm_ioctl [drm]] comm="kmscon" pid=661, dev=0xe200, auth=1, DRM_IOCTL_MODE_GETPROPERTY
Dec 30 01:16:40 raspberrypi kernel: nc4_ili9488 spi0.1: [drm:drm_ioctl [drm]] comm="kmscon" pid=661, dev=0xe200, auth=1, DRM_IOCTL_MODE_GETPROPERTY
Dec 30 01:16:40 raspberrypi kernel: nc4_ili9488 spi0.1: [drm:drm_ioctl [drm]] comm="kmscon" pid=661, dev=0xe200, auth=1, DRM_IOCTL_MODE_GETPROPERTY
Dec 30 01:16:40 raspberrypi kernel: nc4_ili9488 spi0.1: [drm:drm_ioctl [drm]] comm="kmscon" pid=661, dev=0xe200, auth=1, DRM_IOCTL_MODE_GETPROPERTY
Dec 30 01:16:40 raspberrypi kernel: nc4_ili9488 spi0.0: [drm:drm_ioctl [drm]] comm="kmscon" pid=661, dev=0xe201, auth=1, DRM_IOCTL_SET_MASTER
Dec 30 01:16:40 raspberrypi kernel: nc4_ili9488 spi0.0: [drm:drm_ioctl [drm]] comm="kmscon" pid=661, dev=0xe201, auth=1, DRM_IOCTL_MODE_GETRESOURCES
Dec 30 01:16:40 raspberrypi kernel: nc4_ili9488 spi0.0: [drm:drm_ioctl [drm]] comm="kmscon" pid=661, dev=0xe201, auth=1, DRM_IOCTL_MODE_GETRESOURCES
Dec 30 01:16:40 raspberrypi kernel: nc4_ili9488 spi0.0: [drm:drm_ioctl [drm]] comm="kmscon" pid=661, dev=0xe201, auth=1, DRM_IOCTL_MODE_GETCONNECTOR
Dec 30 01:16:40 raspberrypi kernel: nc4_ili9488 spi0.0: [drm:drm_ioctl [drm]] comm="kmscon" pid=661, dev=0xe201, auth=1, DRM_IOCTL_MODE_GETCONNECTOR
Dec 30 01:16:40 raspberrypi kernel: nc4_ili9488 spi0.0: [drm:drm_ioctl [drm]] comm="kmscon" pid=661, dev=0xe201, auth=1, DRM_IOCTL_MODE_GETPROPERTY
Dec 30 01:16:40 raspberrypi kernel: nc4_ili9488 spi0.0: [drm:drm_ioctl [drm]] comm="kmscon" pid=661, dev=0xe201, auth=1, DRM_IOCTL_MODE_GETPROPERTY
Dec 30 01:16:40 raspberrypi kernel: nc4_ili9488 spi0.0: [drm:drm_ioctl [drm]] comm="kmscon" pid=661, dev=0xe201, auth=1, DRM_IOCTL_MODE_GETPROPERTY
Dec 30 01:16:40 raspberrypi kernel: nc4_ili9488 spi0.0: [drm:drm_ioctl [drm]] comm="kmscon" pid=661, dev=0xe201, auth=1, DRM_IOCTL_MODE_GETPROPERTY
Dec 30 01:16:40 raspberrypi kernel: nc4_ili9488 spi0.0: [drm:drm_ioctl [drm]] comm="kmscon" pid=661, dev=0xe201, auth=1, DRM_IOCTL_MODE_GETRESOURCES
Dec 30 01:16:40 raspberrypi kernel: nc4_ili9488 spi0.0: [drm:drm_ioctl [drm]] comm="kmscon" pid=661, dev=0xe201, auth=1, DRM_IOCTL_MODE_GETRESOURCES
Dec 30 01:16:40 raspberrypi kernel: nc4_ili9488 spi0.0: [drm:drm_ioctl [drm]] comm="kmscon" pid=661, dev=0xe201, auth=1, DRM_IOCTL_MODE_GETCONNECTOR
Dec 30 01:16:40 raspberrypi kernel: nc4_ili9488 spi0.0: [drm:drm_ioctl [drm]] comm="kmscon" pid=661, dev=0xe201, auth=1, DRM_IOCTL_MODE_GETCONNECTOR
Dec 30 01:16:40 raspberrypi kernel: nc4_ili9488 spi0.0: [drm:drm_ioctl [drm]] comm="kmscon" pid=661, dev=0xe201, auth=1, DRM_IOCTL_MODE_GETENCODER
Dec 30 01:16:40 raspberrypi kernel: nc4_ili9488 spi0.0: [drm:drm_ioctl [drm]] comm="kmscon" pid=661, dev=0xe201, auth=1, DRM_IOCTL_MODE_GETCRTC
Dec 30 01:16:40 raspberrypi kernel: nc4_ili9488 spi0.0: [drm:drm_ioctl [drm]] comm="kmscon" pid=661, dev=0xe201, auth=1, DRM_IOCTL_MODE_CREATE_DUMB
Dec 30 01:16:40 raspberrypi kernel: nc4_ili9488 spi0.0: [drm:drm_ioctl [drm]] comm="kmscon" pid=661, dev=0xe201, auth=1, DRM_IOCTL_MODE_ADDFB
Dec 30 01:16:40 raspberrypi kernel: nc4_ili9488 spi0.0: [drm:drm_ioctl [drm]] comm="kmscon" pid=661, dev=0xe201, auth=1, DRM_IOCTL_MODE_MAP_DUMB
Dec 30 01:16:40 raspberrypi kernel: nc4_ili9488 spi0.0: [drm:drm_ioctl [drm]] comm="kmscon" pid=661, dev=0xe201, auth=1, DRM_IOCTL_MODE_CREATE_DUMB
Dec 30 01:16:40 raspberrypi kernel: nc4_ili9488 spi0.0: [drm:drm_ioctl [drm]] comm="kmscon" pid=661, dev=0xe201, auth=1, DRM_IOCTL_MODE_ADDFB
Dec 30 01:16:40 raspberrypi kernel: nc4_ili9488 spi0.0: [drm:drm_ioctl [drm]] comm="kmscon" pid=661, dev=0xe201, auth=1, DRM_IOCTL_MODE_MAP_DUMB
Dec 30 01:16:40 raspberrypi kernel: nc4_ili9488 spi0.0: [drm:drm_ioctl [drm]] comm="kmscon" pid=661, dev=0xe201, auth=1, DRM_IOCTL_MODE_SETCRTC
Dec 30 01:16:40 raspberrypi kernel: nc4_ili9488 spi0.0: [drm:drm_ioctl [drm]] comm="kmscon" pid=661, dev=0xe201, auth=1, DRM_IOCTL_MODE_GETCONNECTOR
Dec 30 01:16:40 raspberrypi kernel: nc4_ili9488 spi0.0: [drm:drm_ioctl [drm]] comm="kmscon" pid=661, dev=0xe201, auth=1, DRM_IOCTL_MODE_GETCONNECTOR
Dec 30 01:16:40 raspberrypi kernel: nc4_ili9488 spi0.0: [drm:drm_ioctl [drm]] comm="kmscon" pid=661, dev=0xe201, auth=1, DRM_IOCTL_MODE_GETPROPERTY
Dec 30 01:16:40 raspberrypi kernel: nc4_ili9488 spi0.0: [drm:drm_ioctl [drm]] comm="kmscon" pid=661, dev=0xe201, auth=1, DRM_IOCTL_MODE_GETPROPERTY
Dec 30 01:16:40 raspberrypi kernel: nc4_ili9488 spi0.0: [drm:drm_ioctl [drm]] comm="kmscon" pid=661, dev=0xe201, auth=1, DRM_IOCTL_MODE_GETPROPERTY
Dec 30 01:16:40 raspberrypi kernel: nc4_ili9488 spi0.0: [drm:drm_ioctl [drm]] comm="kmscon" pid=661, dev=0xe201, auth=1, DRM_IOCTL_MODE_GETPROPERTY
Dec 30 01:16:40 raspberrypi kernel: nc4_ili9488 spi0.0: [drm:drm_ioctl [drm]] comm="kmscon" pid=661, dev=0xe201, auth=1, DRM_IOCTL_MODE_SETPROPERTY
Dec 30 01:16:40 raspberrypi kernel: nc4_ili9488 spi0.1: [drm:drm_ioctl [drm]] comm="kmscon" pid=661, dev=0xe200, auth=1, DRM_IOCTL_MODE_GETRESOURCES
Dec 30 01:16:40 raspberrypi kernel: nc4_ili9488 spi0.1: [drm:drm_ioctl [drm]] comm="kmscon" pid=661, dev=0xe200, auth=1, DRM_IOCTL_MODE_GETRESOURCES
Dec 30 01:16:40 raspberrypi kernel: nc4_ili9488 spi0.1: [drm:drm_ioctl [drm]] comm="kmscon" pid=661, dev=0xe200, auth=1, DRM_IOCTL_MODE_GETCONNECTOR
Dec 30 01:16:40 raspberrypi kernel: nc4_ili9488 spi0.1: [drm:drm_ioctl [drm]] comm="kmscon" pid=661, dev=0xe200, auth=1, DRM_IOCTL_MODE_GETCONNECTOR
Dec 30 01:16:40 raspberrypi kernel: nc4_ili9488 spi0.1: [drm:drm_ioctl [drm]] comm="kmscon" pid=661, dev=0xe200, auth=1, DRM_IOCTL_MODE_GETENCODER
Dec 30 01:16:40 raspberrypi kernel: nc4_ili9488 spi0.1: [drm:drm_ioctl [drm]] comm="kmscon" pid=661, dev=0xe200, auth=1, DRM_IOCTL_MODE_GETCRTC
Dec 30 01:16:40 raspberrypi kernel: nc4_ili9488 spi0.1: [drm:drm_ioctl [drm]] comm="kmscon" pid=661, dev=0xe200, auth=1, DRM_IOCTL_MODE_CREATE_DUMB
Dec 30 01:16:40 raspberrypi kernel: nc4_ili9488 spi0.1: [drm:drm_ioctl [drm]] comm="kmscon" pid=661, dev=0xe200, auth=1, DRM_IOCTL_MODE_ADDFB
Dec 30 01:16:40 raspberrypi kernel: nc4_ili9488 spi0.1: [drm:drm_ioctl [drm]] comm="kmscon" pid=661, dev=0xe200, auth=1, DRM_IOCTL_MODE_MAP_DUMB
Dec 30 01:16:40 raspberrypi kernel: nc4_ili9488 spi0.1: [drm:drm_ioctl [drm]] comm="kmscon" pid=661, dev=0xe200, auth=1, DRM_IOCTL_MODE_CREATE_DUMB
Dec 30 01:16:40 raspberrypi kernel: nc4_ili9488 spi0.1: [drm:drm_ioctl [drm]] comm="kmscon" pid=661, dev=0xe200, auth=1, DRM_IOCTL_MODE_ADDFB
Dec 30 01:16:40 raspberrypi kernel: nc4_ili9488 spi0.1: [drm:drm_ioctl [drm]] comm="kmscon" pid=661, dev=0xe200, auth=1, DRM_IOCTL_MODE_MAP_DUMB
Dec 30 01:16:40 raspberrypi kernel: nc4_ili9488 spi0.1: [drm:drm_ioctl [drm]] comm="kmscon" pid=661, dev=0xe200, auth=1, DRM_IOCTL_MODE_SETCRTC
Dec 30 01:16:40 raspberrypi kernel: nc4_ili9488 spi0.1: [drm:drm_ioctl [drm]] comm="kmscon" pid=661, dev=0xe200, auth=1, DRM_IOCTL_MODE_GETCONNECTOR
Dec 30 01:16:40 raspberrypi kernel: nc4_ili9488 spi0.1: [drm:drm_ioctl [drm]] comm="kmscon" pid=661, dev=0xe200, auth=1, DRM_IOCTL_MODE_GETCONNECTOR
Dec 30 01:16:40 raspberrypi kernel: nc4_ili9488 spi0.1: [drm:drm_ioctl [drm]] comm="kmscon" pid=661, dev=0xe200, auth=1, DRM_IOCTL_MODE_GETPROPERTY
Dec 30 01:16:40 raspberrypi kernel: nc4_ili9488 spi0.1: [drm:drm_ioctl [drm]] comm="kmscon" pid=661, dev=0xe200, auth=1, DRM_IOCTL_MODE_GETPROPERTY
Dec 30 01:16:40 raspberrypi kernel: nc4_ili9488 spi0.1: [drm:drm_ioctl [drm]] comm="kmscon" pid=661, dev=0xe200, auth=1, DRM_IOCTL_MODE_GETPROPERTY
Dec 30 01:16:40 raspberrypi kernel: nc4_ili9488 spi0.1: [drm:drm_ioctl [drm]] comm="kmscon" pid=661, dev=0xe200, auth=1, DRM_IOCTL_MODE_GETPROPERTY
Dec 30 01:16:40 raspberrypi kernel: nc4_ili9488 spi0.1: [drm:drm_ioctl [drm]] comm="kmscon" pid=661, dev=0xe200, auth=1, DRM_IOCTL_MODE_SETPROPERTY
Dec 30 01:16:41 raspberrypi kernel: nc4_ili9488 spi0.1: [drm:drm_ioctl [drm]] comm="kmscon" pid=661, dev=0xe200, auth=1, DRM_IOCTL_MODE_PAGE_FLIP
Dec 30 01:16:41 raspberrypi kernel: nc4_ili9488 spi0.0: [drm:drm_ioctl [drm]] comm="kmscon" pid=661, dev=0xe201, auth=1, DRM_IOCTL_MODE_PAGE_FLIP
Dec 30 01:16:41 raspberrypi kmscon[661]: [0002.556298] WARNING: video_fbdev: cannot read monitor refresh rate, forcing 60 Hz (display_activate_force() in ../src/uterm_fbdev_video.c:285)
Dec 30 01:16:41 raspberrypi kmscon[661]: [0002.559402] WARNING: video_fbdev: cannot read monitor refresh rate, forcing 60 Hz (display_activate_force() in ../src/uterm_fbdev_video.c:285)
Dec 30 01:16:41 raspberrypi kernel: nc4_ili9488 spi0.1: [drm:drm_ioctl [drm]] comm="kmscon" pid=661, dev=0xe200, auth=1, DRM_IOCTL_MODE_PAGE_FLIP
Dec 30 01:16:41 raspberrypi kernel: nc4_ili9488 spi0.0: [drm:drm_ioctl [drm]] comm="kmscon" pid=661, dev=0xe201, auth=1, DRM_IOCTL_MODE_PAGE_FLIP
Dec 30 01:17:57 raspberrypi sudo[1442]:      nc4 : TTY=pts/2 ; PWD=/home/nc4/TouchscreenApparatus ; USER=root ; COMMAND=/usr/bin/journalctl -u kmsconvt@tty1.service --no-pager
Dec 30 01:18:01 raspberrypi kernel: nc4_ili9488 spi0.1: [drm:drm_ioctl [drm]] comm="kmscon" pid=661, dev=0xe200, auth=1, DRM_IOCTL_MODE_PAGE_FLIP
Dec 30 01:18:01 raspberrypi kernel: nc4_ili9488 spi0.0: [drm:drm_ioctl [drm]] comm="kmscon" pid=661, dev=0xe201, auth=1, DRM_IOCTL_MODE_PAGE_FLIP
Dec 30 01:18:01 raspberrypi kernel: nc4_ili9488 spi0.1: [drm:drm_ioctl [drm]] comm="kmscon" pid=661, dev=0xe200, auth=1, DRM_IOCTL_MODE_PAGE_FLIP
Dec 30 01:18:01 raspberrypi kernel: nc4_ili9488 spi0.0: [drm:drm_ioctl [drm]] comm="kmscon" pid=661, dev=0xe201, auth=1, DRM_IOCTL_MODE_PAGE_FLIP
Dec 30 01:19:01 raspberrypi kernel: nc4_ili9488 spi0.1: [drm:drm_ioctl [drm]] comm="kmscon" pid=661, dev=0xe200, auth=1, DRM_IOCTL_MODE_PAGE_FLIP
Dec 30 01:19:01 raspberrypi kernel: nc4_ili9488 spi0.0: [drm:drm_ioctl [drm]] comm="kmscon" pid=661, dev=0xe201, auth=1, DRM_IOCTL_MODE_PAGE_FLIP
Dec 30 01:19:01 raspberrypi kernel: nc4_ili9488 spi0.1: [drm:drm_ioctl [drm]] comm="kmscon" pid=661, dev=0xe200, auth=1, DRM_IOCTL_MODE_PAGE_FLIP
Dec 30 01:19:02 raspberrypi kernel: nc4_ili9488 spi0.0: [drm:drm_ioctl [drm]] comm="kmscon" pid=661, dev=0xe201, auth=1, DRM_IOCTL_MODE_PAGE_FLIP
Dec 30 01:20:01 raspberrypi kernel: nc4_ili9488 spi0.1: [drm:drm_ioctl [drm]] comm="kmscon" pid=661, dev=0xe200, auth=1, DRM_IOCTL_MODE_PAGE_FLIP
Dec 30 01:20:01 raspberrypi kernel: nc4_ili9488 spi0.0: [drm:drm_ioctl [drm]] comm="kmscon" pid=661, dev=0xe201, auth=1, DRM_IOCTL_MODE_PAGE_FLIP
Dec 30 01:20:01 raspberrypi kernel: nc4_ili9488 spi0.1: [drm:drm_ioctl [drm]] comm="kmscon" pid=661, dev=0xe200, auth=1, DRM_IOCTL_MODE_PAGE_FLIP
Dec 30 01:20:02 raspberrypi kernel: nc4_ili9488 spi0.0: [drm:drm_ioctl [drm]] comm="kmscon" pid=661, dev=0xe201, auth=1, DRM_IOCTL_MODE_PAGE_FLIP
Dec 30 01:21:01 raspberrypi kernel: nc4_ili9488 spi0.1: [drm:drm_ioctl [drm]] comm="kmscon" pid=661, dev=0xe200, auth=1, DRM_IOCTL_MODE_PAGE_FLIP
Dec 30 01:21:01 raspberrypi kernel: nc4_ili9488 spi0.0: [drm:drm_ioctl [drm]] comm="kmscon" pid=661, dev=0xe201, auth=1, DRM_IOCTL_MODE_PAGE_FLIP
Dec 30 01:21:01 raspberrypi kernel: nc4_ili9488 spi0.1: [drm:drm_ioctl [drm]] comm="kmscon" pid=661, dev=0xe200, auth=1, DRM_IOCTL_MODE_PAGE_FLIP
Dec 30 01:21:01 raspberrypi kernel: nc4_ili9488 spi0.0: [drm:drm_ioctl [drm]] comm="kmscon" pid=661, dev=0xe201, auth=1, DRM_IOCTL_MODE_PAGE_FLIP
Dec 30 01:22:01 raspberrypi kernel: nc4_ili9488 spi0.1: [drm:drm_ioctl [drm]] comm="kmscon" pid=661, dev=0xe200, auth=1, DRM_IOCTL_MODE_PAGE_FLIP
Dec 30 01:22:01 raspberrypi kernel: nc4_ili9488 spi0.0: [drm:drm_ioctl [drm]] comm="kmscon" pid=661, dev=0xe201, auth=1, DRM_IOCTL_MODE_PAGE_FLIP
Dec 30 01:22:01 raspberrypi kernel: nc4_ili9488 spi0.1: [drm:drm_ioctl [drm]] comm="kmscon" pid=661, dev=0xe200, auth=1, DRM_IOCTL_MODE_PAGE_FLIP
Dec 30 01:22:02 raspberrypi kernel: nc4_ili9488 spi0.0: [drm:drm_ioctl [drm]] comm="kmscon" pid=661, dev=0xe201, auth=1, DRM_IOCTL_MODE_PAGE_FLIP
Dec 30 01:23:01 raspberrypi kernel: nc4_ili9488 spi0.1: [drm:drm_ioctl [drm]] comm="kmscon" pid=661, dev=0xe200, auth=1, DRM_IOCTL_MODE_PAGE_FLIP
Dec 30 01:23:01 raspberrypi kernel: nc4_ili9488 spi0.0: [drm:drm_ioctl [drm]] comm="kmscon" pid=661, dev=0xe201, auth=1, DRM_IOCTL_MODE_PAGE_FLIP
Dec 30 01:23:01 raspberrypi kernel: nc4_ili9488 spi0.1: [drm:drm_ioctl [drm]] comm="kmscon" pid=661, dev=0xe200, auth=1, DRM_IOCTL_MODE_PAGE_FLIP
Dec 30 01:23:02 raspberrypi kernel: nc4_ili9488 spi0.0: [drm:drm_ioctl [drm]] comm="kmscon" pid=661, dev=0xe201, auth=1, DRM_IOCTL_MODE_PAGE_FLIP
Dec 30 01:24:01 raspberrypi kernel: nc4_ili9488 spi0.1: [drm:drm_ioctl [drm]] comm="kmscon" pid=661, dev=0xe200, auth=1, DRM_IOCTL_MODE_PAGE_FLIP
Dec 30 01:24:01 raspberrypi kernel: nc4_ili9488 spi0.0: [drm:drm_ioctl [drm]] comm="kmscon" pid=661, dev=0xe201, auth=1, DRM_IOCTL_MODE_PAGE_FLIP
Dec 30 01:24:01 raspberrypi kernel: nc4_ili9488 spi0.1: [drm:drm_ioctl [drm]] comm="kmscon" pid=661, dev=0xe200, auth=1, DRM_IOCTL_MODE_PAGE_FLIP
Dec 30 01:24:02 raspberrypi kernel: nc4_ili9488 spi0.0: [drm:drm_ioctl [drm]] comm="kmscon" pid=661, dev=0xe201, auth=1, DRM_IOCTL_MODE_PAGE_FLIP
Dec 30 01:25:01 raspberrypi kernel: nc4_ili9488 spi0.1: [drm:drm_ioctl [drm]] comm="kmscon" pid=661, dev=0xe200, auth=1, DRM_IOCTL_MODE_PAGE_FLIP
Dec 30 01:25:01 raspberrypi kernel: nc4_ili9488 spi0.0: [drm:drm_ioctl [drm]] comm="kmscon" pid=661, dev=0xe201, auth=1, DRM_IOCTL_MODE_PAGE_FLIP
Dec 30 01:25:02 raspberrypi kernel: nc4_ili9488 spi0.1: [drm:drm_ioctl [drm]] comm="kmscon" pid=661, dev=0xe200, auth=1, DRM_IOCTL_MODE_PAGE_FLIP
Dec 30 01:25:02 raspberrypi kernel: nc4_ili9488 spi0.0: [drm:drm_ioctl [drm]] comm="kmscon" pid=661, dev=0xe201, auth=1, DRM_IOCTL_MODE_PAGE_FLIP
Dec 30 01:26:01 raspberrypi kernel: nc4_ili9488 spi0.1: [drm:drm_ioctl [drm]] comm="kmscon" pid=661, dev=0xe200, auth=1, DRM_IOCTL_MODE_PAGE_FLIP
Dec 30 01:26:01 raspberrypi kernel: nc4_ili9488 spi0.0: [drm:drm_ioctl [drm]] comm="kmscon" pid=661, dev=0xe201, auth=1, DRM_IOCTL_MODE_PAGE_FLIP
Dec 30 01:26:02 raspberrypi kernel: nc4_ili9488 spi0.1: [drm:drm_ioctl [drm]] comm="kmscon" pid=661, dev=0xe200, auth=1, DRM_IOCTL_MODE_PAGE_FLIP
Dec 30 01:26:02 raspberrypi kernel: nc4_ili9488 spi0.0: [drm:drm_ioctl [drm]] comm="kmscon" pid=661, dev=0xe201, auth=1, DRM_IOCTL_MODE_PAGE_FLIP
Dec 30 01:27:01 raspberrypi kernel: nc4_ili9488 spi0.1: [drm:drm_ioctl [drm]] comm="kmscon" pid=661, dev=0xe200, auth=1, DRM_IOCTL_MODE_PAGE_FLIP
Dec 30 01:27:01 raspberrypi kernel: nc4_ili9488 spi0.0: [drm:drm_ioctl [drm]] comm="kmscon" pid=661, dev=0xe201, auth=1, DRM_IOCTL_MODE_PAGE_FLIP
Dec 30 01:27:02 raspberrypi kernel: nc4_ili9488 spi0.1: [drm:drm_ioctl [drm]] comm="kmscon" pid=661, dev=0xe200, auth=1, DRM_IOCTL_MODE_PAGE_FLIP
Dec 30 01:27:02 raspberrypi kernel: nc4_ili9488 spi0.0: [drm:drm_ioctl [drm]] comm="kmscon" pid=661, dev=0xe201, auth=1, DRM_IOCTL_MODE_PAGE_FLIP
Dec 30 01:28:01 raspberrypi kernel: nc4_ili9488 spi0.1: [drm:drm_ioctl [drm]] comm="kmscon" pid=661, dev=0xe200, auth=1, DRM_IOCTL_MODE_PAGE_FLIP
Dec 30 01:28:01 raspberrypi kernel: nc4_ili9488 spi0.0: [drm:drm_ioctl [drm]] comm="kmscon" pid=661, dev=0xe201, auth=1, DRM_IOCTL_MODE_PAGE_FLIP
Dec 30 01:28:02 raspberrypi kernel: nc4_ili9488 spi0.1: [drm:drm_ioctl [drm]] comm="kmscon" pid=661, dev=0xe200, auth=1, DRM_IOCTL_MODE_PAGE_FLIP
Dec 30 01:28:02 raspberrypi kernel: nc4_ili9488 spi0.0: [drm:drm_ioctl [drm]] comm="kmscon" pid=661, dev=0xe201, auth=1, DRM_IOCTL_MODE_PAGE_FLIP
Dec 30 01:29:01 raspberrypi kernel: nc4_ili9488 spi0.1: [drm:drm_ioctl [drm]] comm="kmscon" pid=661, dev=0xe200, auth=1, DRM_IOCTL_MODE_PAGE_FLIP
Dec 30 01:29:01 raspberrypi kernel: nc4_ili9488 spi0.0: [drm:drm_ioctl [drm]] comm="kmscon" pid=661, dev=0xe201, auth=1, DRM_IOCTL_MODE_PAGE_FLIP
Dec 30 01:29:02 raspberrypi kernel: nc4_ili9488 spi0.1: [drm:drm_ioctl [drm]] comm="kmscon" pid=661, dev=0xe200, auth=1, DRM_IOCTL_MODE_PAGE_FLIP
Dec 30 01:29:02 raspberrypi kernel: nc4_ili9488 spi0.0: [drm:drm_ioctl [drm]] comm="kmscon" pid=661, dev=0xe201, auth=1, DRM_IOCTL_MODE_PAGE_FLIP
Dec 30 01:30:01 raspberrypi kernel: nc4_ili9488 spi0.1: [drm:drm_ioctl [drm]] comm="kmscon" pid=661, dev=0xe200, auth=1, DRM_IOCTL_MODE_PAGE_FLIP
Dec 30 01:30:01 raspberrypi kernel: nc4_ili9488 spi0.0: [drm:drm_ioctl [drm]] comm="kmscon" pid=661, dev=0xe201, auth=1, DRM_IOCTL_MODE_PAGE_FLIP
Dec 30 01:30:02 raspberrypi kernel: nc4_ili9488 spi0.1: [drm:drm_ioctl [drm]] comm="kmscon" pid=661, dev=0xe200, auth=1, DRM_IOCTL_MODE_PAGE_FLIP
Dec 30 01:30:02 raspberrypi kernel: nc4_ili9488 spi0.0: [drm:drm_ioctl [drm]] comm="kmscon" pid=661, dev=0xe201, auth=1, DRM_IOCTL_MODE_PAGE_FLIP
Dec 30 01:31:01 raspberrypi kernel: nc4_ili9488 spi0.1: [drm:drm_ioctl [drm]] comm="kmscon" pid=661, dev=0xe200, auth=1, DRM_IOCTL_MODE_PAGE_FLIP
Dec 30 01:31:01 raspberrypi kernel: nc4_ili9488 spi0.0: [drm:drm_ioctl [drm]] comm="kmscon" pid=661, dev=0xe201, auth=1, DRM_IOCTL_MODE_PAGE_FLIP
Dec 30 01:31:02 raspberrypi kernel: nc4_ili9488 spi0.1: [drm:drm_ioctl [drm]] comm="kmscon" pid=661, dev=0xe200, auth=1, DRM_IOCTL_MODE_PAGE_FLIP
Dec 30 01:31:02 raspberrypi kernel: nc4_ili9488 spi0.0: [drm:drm_ioctl [drm]] comm="kmscon" pid=661, dev=0xe201, auth=1, DRM_IOCTL_MODE_PAGE_FLIP
Dec 30 01:32:01 raspberrypi kernel: nc4_ili9488 spi0.1: [drm:drm_ioctl [drm]] comm="kmscon" pid=661, dev=0xe200, auth=1, DRM_IOCTL_MODE_PAGE_FLIP
Dec 30 01:32:01 raspberrypi kernel: nc4_ili9488 spi0.0: [drm:drm_ioctl [drm]] comm="kmscon" pid=661, dev=0xe201, auth=1, DRM_IOCTL_MODE_PAGE_FLIP
Dec 30 01:32:01 raspberrypi kernel: nc4_ili9488 spi0.1: [drm:drm_ioctl [drm]] comm="kmscon" pid=661, dev=0xe200, auth=1, DRM_IOCTL_MODE_PAGE_FLIP
Dec 30 01:32:02 raspberrypi kernel: nc4_ili9488 spi0.0: [drm:drm_ioctl [drm]] comm="kmscon" pid=661, dev=0xe201, auth=1, DRM_IOCTL_MODE_PAGE_FLIP
Dec 30 01:33:01 raspberrypi kernel: nc4_ili9488 spi0.1: [drm:drm_ioctl [drm]] comm="kmscon" pid=661, dev=0xe200, auth=1, DRM_IOCTL_MODE_PAGE_FLIP
Dec 30 01:33:01 raspberrypi kernel: nc4_ili9488 spi0.0: [drm:drm_ioctl [drm]] comm="kmscon" pid=661, dev=0xe201, auth=1, DRM_IOCTL_MODE_PAGE_FLIP
Dec 30 01:33:02 raspberrypi kernel: nc4_ili9488 spi0.1: [drm:drm_ioctl [drm]] comm="kmscon" pid=661, dev=0xe200, auth=1, DRM_IOCTL_MODE_PAGE_FLIP
Dec 30 01:33:02 raspberrypi kernel: nc4_ili9488 spi0.0: [drm:drm_ioctl [drm]] comm="kmscon" pid=661, dev=0xe201, auth=1, DRM_IOCTL_MODE_PAGE_FLIP
Dec 30 01:34:01 raspberrypi kernel: nc4_ili9488 spi0.1: [drm:drm_ioctl [drm]] comm="kmscon" pid=661, dev=0xe200, auth=1, DRM_IOCTL_MODE_PAGE_FLIP
Dec 30 01:34:01 raspberrypi kernel: nc4_ili9488 spi0.0: [drm:drm_ioctl [drm]] comm="kmscon" pid=661, dev=0xe201, auth=1, DRM_IOCTL_MODE_PAGE_FLIP
Dec 30 01:34:02 raspberrypi kernel: nc4_ili9488 spi0.1: [drm:drm_ioctl [drm]] comm="kmscon" pid=661, dev=0xe200, auth=1, DRM_IOCTL_MODE_PAGE_FLIP
Dec 30 01:34:02 raspberrypi kernel: nc4_ili9488 spi0.0: [drm:drm_ioctl [drm]] comm="kmscon" pid=661, dev=0xe201, auth=1, DRM_IOCTL_MODE_PAGE_FLIP
Dec 30 01:35:01 raspberrypi kernel: nc4_ili9488 spi0.1: [drm:drm_ioctl [drm]] comm="kmscon" pid=661, dev=0xe200, auth=1, DRM_IOCTL_MODE_PAGE_FLIP
Dec 30 01:35:01 raspberrypi kernel: nc4_ili9488 spi0.0: [drm:drm_ioctl [drm]] comm="kmscon" pid=661, dev=0xe201, auth=1, DRM_IOCTL_MODE_PAGE_FLIP
Dec 30 01:35:02 raspberrypi kernel: nc4_ili9488 spi0.1: [drm:drm_ioctl [drm]] comm="kmscon" pid=661, dev=0xe200, auth=1, DRM_IOCTL_MODE_PAGE_FLIP
Dec 30 01:35:02 raspberrypi kernel: nc4_ili9488 spi0.0: [drm:drm_ioctl [drm]] comm="kmscon" pid=661, dev=0xe201, auth=1, DRM_IOCTL_MODE_PAGE_FLIP
Dec 30 01:36:01 raspberrypi kernel: nc4_ili9488 spi0.1: [drm:drm_ioctl [drm]] comm="kmscon" pid=661, dev=0xe200, auth=1, DRM_IOCTL_MODE_PAGE_FLIP
Dec 30 01:36:01 raspberrypi kernel: nc4_ili9488 spi0.0: [drm:drm_ioctl [drm]] comm="kmscon" pid=661, dev=0xe201, auth=1, DRM_IOCTL_MODE_PAGE_FLIP
Dec 30 01:36:02 raspberrypi kernel: nc4_ili9488 spi0.1: [drm:drm_ioctl [drm]] comm="kmscon" pid=661, dev=0xe200, auth=1, DRM_IOCTL_MODE_PAGE_FLIP
Dec 30 01:36:02 raspberrypi kernel: nc4_ili9488 spi0.0: [drm:drm_ioctl [drm]] comm="kmscon" pid=661, dev=0xe201, auth=1, DRM_IOCTL_MODE_PAGE_FLIP
Dec 30 01:37:01 raspberrypi kernel: nc4_ili9488 spi0.1: [drm:drm_ioctl [drm]] comm="kmscon" pid=661, dev=0xe200, auth=1, DRM_IOCTL_MODE_PAGE_FLIP
Dec 30 01:37:01 raspberrypi kernel: nc4_ili9488 spi0.0: [drm:drm_ioctl [drm]] comm="kmscon" pid=661, dev=0xe201, auth=1, DRM_IOCTL_MODE_PAGE_FLIP
Dec 30 01:37:02 raspberrypi kernel: nc4_ili9488 spi0.1: [drm:drm_ioctl [drm]] comm="kmscon" pid=661, dev=0xe200, auth=1, DRM_IOCTL_MODE_PAGE_FLIP
Dec 30 01:37:02 raspberrypi kernel: nc4_ili9488 spi0.0: [drm:drm_ioctl [drm]] comm="kmscon" pid=661, dev=0xe201, auth=1, DRM_IOCTL_MODE_PAGE_FLIP
Dec 30 01:37:26 raspberrypi sudo[2874]:      nc4 : TTY=pts/2 ; PWD=/home/nc4/TouchscreenApparatus ; USER=root ; COMMAND=/usr/bin/journalctl -u kmsconvt@tty1.service --no-pager
Dec 30 01:38:01 raspberrypi kernel: nc4_ili9488 spi0.1: [drm:drm_ioctl [drm]] comm="kmscon" pid=661, dev=0xe200, auth=1, DRM_IOCTL_MODE_PAGE_FLIP
Dec 30 01:38:01 raspberrypi kernel: nc4_ili9488 spi0.0: [drm:drm_ioctl [drm]] comm="kmscon" pid=661, dev=0xe201, auth=1, DRM_IOCTL_MODE_PAGE_FLIP
Dec 30 01:38:02 raspberrypi kernel: nc4_ili9488 spi0.1: [drm:drm_ioctl [drm]] comm="kmscon" pid=661, dev=0xe200, auth=1, DRM_IOCTL_MODE_PAGE_FLIP
Dec 30 01:38:02 raspberrypi kernel: nc4_ili9488 spi0.0: [drm:drm_ioctl [drm]] comm="kmscon" pid=661, dev=0xe201, auth=1, DRM_IOCTL_MODE_PAGE_FLIP
Dec 30 01:39:01 raspberrypi kernel: nc4_ili9488 spi0.1: [drm:drm_ioctl [drm]] comm="kmscon" pid=661, dev=0xe200, auth=1, DRM_IOCTL_MODE_PAGE_FLIP
Dec 30 01:39:01 raspberrypi kernel: nc4_ili9488 spi0.0: [drm:drm_ioctl [drm]] comm="kmscon" pid=661, dev=0xe201, auth=1, DRM_IOCTL_MODE_PAGE_FLIP
Dec 30 01:39:02 raspberrypi kernel: nc4_ili9488 spi0.0: [drm:drm_ioctl [drm]] comm="kmscon" pid=661, dev=0xe201, auth=1, DRM_IOCTL_MODE_PAGE_FLIP
Dec 30 01:39:02 raspberrypi kernel: nc4_ili9488 spi0.1: [drm:drm_ioctl [drm]] comm="kmscon" pid=661, dev=0xe200, auth=1, DRM_IOCTL_MODE_PAGE_FLIP
Dec 30 01:40:01 raspberrypi kernel: nc4_ili9488 spi0.1: [drm:drm_ioctl [drm]] comm="kmscon" pid=661, dev=0xe200, auth=1, DRM_IOCTL_MODE_PAGE_FLIP
Dec 30 01:40:01 raspberrypi kernel: nc4_ili9488 spi0.0: [drm:drm_ioctl [drm]] comm="kmscon" pid=661, dev=0xe201, auth=1, DRM_IOCTL_MODE_PAGE_FLIP
Dec 30 01:40:02 raspberrypi kernel: nc4_ili9488 spi0.1: [drm:drm_ioctl [drm]] comm="kmscon" pid=661, dev=0xe200, auth=1, DRM_IOCTL_MODE_PAGE_FLIP
Dec 30 01:40:02 raspberrypi kernel: nc4_ili9488 spi0.0: [drm:drm_ioctl [drm]] comm="kmscon" pid=661, dev=0xe201, auth=1, DRM_IOCTL_MODE_PAGE_FLIP
Dec 30 01:41:02 raspberrypi kernel: nc4_ili9488 spi0.1: [drm:drm_ioctl [drm]] comm="kmscon" pid=661, dev=0xe200, auth=1, DRM_IOCTL_MODE_PAGE_FLIP
Dec 30 01:41:02 raspberrypi kernel: nc4_ili9488 spi0.0: [drm:drm_ioctl [drm]] comm="kmscon" pid=661, dev=0xe201, auth=1, DRM_IOCTL_MODE_PAGE_FLIP
Dec 30 01:41:02 raspberrypi kernel: nc4_ili9488 spi0.1: [drm:drm_ioctl [drm]] comm="kmscon" pid=661, dev=0xe200, auth=1, DRM_IOCTL_MODE_PAGE_FLIP
Dec 30 01:41:02 raspberrypi kernel: nc4_ili9488 spi0.0: [drm:drm_ioctl [drm]] comm="kmscon" pid=661, dev=0xe201, auth=1, DRM_IOCTL_MODE_PAGE_FLIP
Dec 30 01:41:28 raspberrypi sudo[3360]:      nc4 : TTY=pts/2 ; PWD=/home/nc4/TouchscreenApparatus ; USER=root ; COMMAND=/usr/bin/journalctl -u kmsconvt@tty1.service --no-pager
Dec 30 01:42:02 raspberrypi kernel: nc4_ili9488 spi0.1: [drm:drm_ioctl [drm]] comm="kmscon" pid=661, dev=0xe200, auth=1, DRM_IOCTL_MODE_PAGE_FLIP
Dec 30 01:42:02 raspberrypi kernel: nc4_ili9488 spi0.0: [drm:drm_ioctl [drm]] comm="kmscon" pid=661, dev=0xe201, auth=1, DRM_IOCTL_MODE_PAGE_FLIP
Dec 30 01:42:02 raspberrypi kernel: nc4_ili9488 spi0.1: [drm:drm_ioctl [drm]] comm="kmscon" pid=661, dev=0xe200, auth=1, DRM_IOCTL_MODE_PAGE_FLIP
Dec 30 01:42:02 raspberrypi kernel: nc4_ili9488 spi0.0: [drm:drm_ioctl [drm]] comm="kmscon" pid=661, dev=0xe201, auth=1, DRM_IOCTL_MODE_PAGE_FLIP
Dec 30 01:43:02 raspberrypi kernel: nc4_ili9488 spi0.1: [drm:drm_ioctl [drm]] comm="kmscon" pid=661, dev=0xe200, auth=1, DRM_IOCTL_MODE_PAGE_FLIP
Dec 30 01:43:02 raspberrypi kernel: nc4_ili9488 spi0.0: [drm:drm_ioctl [drm]] comm="kmscon" pid=661, dev=0xe201, auth=1, DRM_IOCTL_MODE_PAGE_FLIP
Dec 30 01:43:02 raspberrypi kernel: nc4_ili9488 spi0.1: [drm:drm_ioctl [drm]] comm="kmscon" pid=661, dev=0xe200, auth=1, DRM_IOCTL_MODE_PAGE_FLIP
Dec 30 01:43:02 raspberrypi kernel: nc4_ili9488 spi0.0: [drm:drm_ioctl [drm]] comm="kmscon" pid=661, dev=0xe201, auth=1, DRM_IOCTL_MODE_PAGE_FLIP
Dec 30 01:44:02 raspberrypi kernel: nc4_ili9488 spi0.1: [drm:drm_ioctl [drm]] comm="kmscon" pid=661, dev=0xe200, auth=1, DRM_IOCTL_MODE_PAGE_FLIP
Dec 30 01:44:02 raspberrypi kernel: nc4_ili9488 spi0.0: [drm:drm_ioctl [drm]] comm="kmscon" pid=661, dev=0xe201, auth=1, DRM_IOCTL_MODE_PAGE_FLIP
Dec 30 01:44:02 raspberrypi kernel: nc4_ili9488 spi0.1: [drm:drm_ioctl [drm]] comm="kmscon" pid=661, dev=0xe200, auth=1, DRM_IOCTL_MODE_PAGE_FLIP
Dec 30 01:44:02 raspberrypi kernel: nc4_ili9488 spi0.0: [drm:drm_ioctl [drm]] comm="kmscon" pid=661, dev=0xe201, auth=1, DRM_IOCTL_MODE_PAGE_FLIP
Dec 30 01:44:32 raspberrypi sudo[3477]:      nc4 : TTY=pts/2 ; PWD=/home/nc4/TouchscreenApparatus ; USER=root ; COMMAND=/usr/bin/journalctl -u kmsconvt@tty1.service --no-pager
